{
  "RSpec": {
    "coverage": {
      "/Users/kfoss/turing/3module/projects/rails_engine/app/helpers/application_helper.rb": [
        1,
        null
      ],
      "/Users/kfoss/turing/3module/projects/rails_engine/app/helpers/customer_helper.rb": [
        1,
        null
      ],
      "/Users/kfoss/turing/3module/projects/rails_engine/app/helpers/invoice_helper.rb": [
        1,
        null
      ],
      "/Users/kfoss/turing/3module/projects/rails_engine/app/helpers/invoice_items_helper.rb": [
        1,
        null
      ],
      "/Users/kfoss/turing/3module/projects/rails_engine/app/helpers/items_helper.rb": [
        1,
        null
      ],
      "/Users/kfoss/turing/3module/projects/rails_engine/app/helpers/merchant_helper.rb": [
        1,
        null
      ],
      "/Users/kfoss/turing/3module/projects/rails_engine/app/helpers/transactions_helper.rb": [
        1,
        null
      ],
      "/Users/kfoss/turing/3module/projects/rails_engine/app/controllers/api/v1/customers/invoices_controller.rb": [
        1,
        1,
        1,
        1,
        1,
        null,
        1,
        1,
        null,
        null,
        null,
        null,
        null
      ],
      "/Users/kfoss/turing/3module/projects/rails_engine/app/controllers/api/api_controller.rb": [
        1,
        1,
        1,
        null,
        1,
        45,
        2,
        null,
        null,
        null,
        null
      ],
      "/Users/kfoss/turing/3module/projects/rails_engine/app/controllers/application_controller.rb": [
        1,
        null,
        null,
        1,
        null
      ],
      "/Users/kfoss/turing/3module/projects/rails_engine/app/controllers/api/v1/customers/transactions_controller.rb": [
        1,
        1,
        1,
        1,
        1,
        null,
        1,
        1,
        null,
        null,
        null,
        null,
        null
      ],
      "/Users/kfoss/turing/3module/projects/rails_engine/app/controllers/api/v1/invoices/invoice_items_controller.rb": [
        1,
        1,
        1,
        1,
        1,
        null,
        1,
        1,
        null,
        null,
        null,
        null,
        null
      ],
      "/Users/kfoss/turing/3module/projects/rails_engine/app/controllers/api/v1/invoices/transactions_controller.rb": [
        1,
        1,
        1,
        1,
        1,
        null,
        1,
        1,
        null,
        null,
        null,
        null,
        null
      ],
      "/Users/kfoss/turing/3module/projects/rails_engine/app/controllers/api/v1/invoices/items_controller.rb": [
        1,
        1,
        1,
        1,
        1,
        null,
        1,
        1,
        null,
        null,
        null,
        null,
        null
      ],
      "/Users/kfoss/turing/3module/projects/rails_engine/app/controllers/api/v1/customers/search_controller.rb": [
        1,
        1,
        1,
        1,
        1,
        null,
        1,
        1,
        null,
        null,
        1,
        1,
        null,
        null,
        1,
        null,
        1,
        2,
        null,
        null,
        null,
        null,
        null
      ],
      "/Users/kfoss/turing/3module/projects/rails_engine/app/controllers/api/v1/invoice_items/search_controller.rb": [
        1,
        1,
        1,
        1,
        1,
        null,
        1,
        1,
        null,
        null,
        1,
        1,
        null,
        null,
        1,
        null,
        1,
        2,
        null,
        null,
        null,
        null,
        null
      ],
      "/Users/kfoss/turing/3module/projects/rails_engine/app/controllers/api/v1/invoices/search_controller.rb": [
        1,
        1,
        1,
        1,
        1,
        null,
        1,
        1,
        null,
        null,
        1,
        1,
        null,
        null,
        1,
        null,
        1,
        2,
        null,
        null,
        null,
        null,
        null
      ],
      "/Users/kfoss/turing/3module/projects/rails_engine/app/controllers/api/v1/items/search_controller.rb": [
        1,
        1,
        1,
        1,
        1,
        null,
        1,
        1,
        null,
        null,
        1,
        1,
        null,
        null,
        1,
        null,
        1,
        2,
        null,
        null,
        null,
        null,
        null
      ],
      "/Users/kfoss/turing/3module/projects/rails_engine/app/controllers/api/v1/merchants/search_controller.rb": [
        1,
        1,
        1,
        1,
        1,
        null,
        1,
        1,
        null,
        null,
        1,
        1,
        null,
        null,
        1,
        null,
        1,
        2,
        null,
        null,
        null,
        null,
        null
      ],
      "/Users/kfoss/turing/3module/projects/rails_engine/app/controllers/api/v1/transactions/search_controller.rb": [
        1,
        1,
        1,
        1,
        1,
        null,
        1,
        1,
        null,
        null,
        1,
        1,
        null,
        null,
        1,
        null,
        1,
        2,
        null,
        null,
        null,
        null,
        null
      ],
      "/Users/kfoss/turing/3module/projects/rails_engine/app/controllers/api/v1/invoices/customers_controller.rb": [
        1,
        1,
        1,
        1,
        1,
        null,
        1,
        1,
        null,
        null,
        null,
        null,
        null
      ],
      "/Users/kfoss/turing/3module/projects/rails_engine/app/controllers/api/v1/invoices/merchants_controller.rb": [
        1,
        1,
        1,
        1,
        1,
        null,
        1,
        1,
        null,
        null,
        null,
        null,
        null
      ],
      "/Users/kfoss/turing/3module/projects/rails_engine/app/controllers/api/v1/merchants/most_revenue_controller.rb": [
        1,
        1,
        1,
        1,
        1,
        null,
        1,
        1,
        null,
        null,
        null,
        null,
        null
      ],
      "/Users/kfoss/turing/3module/projects/rails_engine/app/controllers/api/v1/customers/random_controller.rb": [
        1,
        1,
        1,
        1,
        1,
        null,
        1,
        2,
        2,
        null,
        null,
        null,
        null,
        null
      ],
      "/Users/kfoss/turing/3module/projects/rails_engine/app/controllers/api/v1/invoice_items/random_controller.rb": [
        1,
        1,
        1,
        1,
        1,
        null,
        1,
        2,
        2,
        null,
        null,
        null,
        null,
        null
      ],
      "/Users/kfoss/turing/3module/projects/rails_engine/app/controllers/api/v1/invoices/random_controller.rb": [
        1,
        1,
        1,
        1,
        1,
        null,
        1,
        2,
        2,
        null,
        null,
        null,
        null,
        null
      ],
      "/Users/kfoss/turing/3module/projects/rails_engine/app/controllers/api/v1/items/random_controller.rb": [
        1,
        1,
        1,
        1,
        1,
        null,
        1,
        2,
        2,
        null,
        null,
        null,
        null,
        null
      ],
      "/Users/kfoss/turing/3module/projects/rails_engine/app/controllers/api/v1/merchants/random_controller.rb": [
        1,
        1,
        1,
        1,
        1,
        null,
        1,
        2,
        2,
        null,
        null,
        null,
        null,
        null
      ],
      "/Users/kfoss/turing/3module/projects/rails_engine/app/controllers/api/v1/transactions/random_controller.rb": [
        1,
        1,
        1,
        1,
        1,
        null,
        1,
        2,
        2,
        null,
        null,
        null,
        null,
        null
      ],
      "/Users/kfoss/turing/3module/projects/rails_engine/app/models/customer.rb": [
        1,
        1,
        1,
        1,
        null,
        1,
        null,
        null,
        null,
        null,
        1,
        null,
        null,
        null
      ],
      "/Users/kfoss/turing/3module/projects/rails_engine/app/models/merchant.rb": [
        1,
        1,
        1,
        1,
        1,
        1,
        null,
        1,
        1,
        null,
        null,
        1,
        0,
        null,
        null,
        1,
        0,
        null,
        null,
        null,
        0,
        null,
        null,
        1,
        0,
        null,
        null,
        null,
        0,
        null,
        null,
        1,
        null,
        null,
        0,
        null,
        null,
        null
      ],
      "/Users/kfoss/turing/3module/projects/rails_engine/app/models/invoice.rb": [
        1,
        1,
        1,
        1,
        1,
        1,
        null,
        null,
        null,
        null,
        null,
        null,
        null,
        1,
        0,
        null,
        null,
        1,
        null,
        null,
        null,
        null,
        null,
        null,
        null,
        null,
        null
      ],
      "/Users/kfoss/turing/3module/projects/rails_engine/app/serializers/invoice_serializer.rb": [
        1,
        1,
        null
      ],
      "/Users/kfoss/turing/3module/projects/rails_engine/app/models/transaction.rb": [
        1,
        1,
        null
      ],
      "/Users/kfoss/turing/3module/projects/rails_engine/app/serializers/transaction_serializer.rb": [
        1,
        1,
        null
      ],
      "/Users/kfoss/turing/3module/projects/rails_engine/app/models/item.rb": [
        1,
        1,
        1,
        1,
        1,
        null,
        1,
        null,
        null,
        null,
        null,
        0,
        null,
        null,
        1,
        null,
        null,
        null,
        null,
        0,
        null,
        null,
        1,
        null,
        null,
        0,
        null,
        null
      ],
      "/Users/kfoss/turing/3module/projects/rails_engine/app/models/invoice_item.rb": [
        1,
        1,
        1,
        1,
        null
      ],
      "/Users/kfoss/turing/3module/projects/rails_engine/app/serializers/invoice_item_serializer.rb": [
        1,
        1,
        null,
        null,
        null,
        null,
        null,
        1,
        10,
        null,
        null
      ],
      "/Users/kfoss/turing/3module/projects/rails_engine/app/serializers/item_serializer.rb": [
        1,
        1,
        null,
        1,
        10,
        null,
        null
      ],
      "/Users/kfoss/turing/3module/projects/rails_engine/app/controllers/api/v1/customers_controller.rb": [
        1,
        1,
        1,
        1,
        null,
        1,
        1,
        null,
        null,
        1,
        1,
        null,
        null,
        null,
        null
      ],
      "/Users/kfoss/turing/3module/projects/rails_engine/app/serializers/customer_serializer.rb": [
        1,
        1,
        null
      ],
      "/Users/kfoss/turing/3module/projects/rails_engine/app/controllers/api/v1/customers/merchants_controller.rb": [
        1,
        1,
        1,
        1,
        1,
        null,
        1,
        1,
        null,
        null,
        null,
        null,
        null
      ],
      "/Users/kfoss/turing/3module/projects/rails_engine/app/serializers/merchant_serializer.rb": [
        1,
        1,
        null
      ],
      "/Users/kfoss/turing/3module/projects/rails_engine/app/controllers/api/v1/invoice_items_controller.rb": [
        1,
        1,
        1,
        1,
        null,
        1,
        1,
        null,
        null,
        1,
        1,
        null,
        null,
        null,
        null
      ],
      "/Users/kfoss/turing/3module/projects/rails_engine/app/controllers/api/v1/invoices_controller.rb": [
        1,
        1,
        1,
        1,
        null,
        1,
        1,
        null,
        null,
        1,
        1,
        null,
        null,
        null,
        null
      ],
      "/Users/kfoss/turing/3module/projects/rails_engine/app/controllers/api/v1/items_controller.rb": [
        1,
        1,
        1,
        1,
        null,
        1,
        1,
        null,
        null,
        1,
        1,
        null,
        null,
        null,
        null
      ],
      "/Users/kfoss/turing/3module/projects/rails_engine/app/controllers/api/v1/merchants_controller.rb": [
        1,
        1,
        1,
        1,
        null,
        1,
        1,
        null,
        null,
        1,
        1,
        null,
        null,
        null,
        null
      ],
      "/Users/kfoss/turing/3module/projects/rails_engine/app/controllers/api/v1/transactions_controller.rb": [
        1,
        1,
        1,
        1,
        null,
        1,
        1,
        null,
        null,
        1,
        1,
        null,
        null,
        null,
        null
      ],
      "/Users/kfoss/turing/3module/projects/rails_engine/app/controllers/api/v1/invoice_items/invoices_controller.rb": [
        0,
        0,
        0,
        0,
        0,
        0,
        0,
        0,
        0,
        0,
        0,
        0,
        0
      ],
      "/Users/kfoss/turing/3module/projects/rails_engine/app/controllers/api/v1/invoice_items/items_controller.rb": [
        0,
        0,
        0,
        0,
        0,
        0,
        0,
        0,
        0,
        0,
        0,
        0,
        0
      ],
      "/Users/kfoss/turing/3module/projects/rails_engine/app/controllers/api/v1/items/best_day_controller.rb": [
        0,
        0,
        0,
        0,
        0,
        0,
        0,
        0,
        0,
        0,
        0,
        0,
        0,
        0
      ],
      "/Users/kfoss/turing/3module/projects/rails_engine/app/controllers/api/v1/items/invoice_items_controller.rb": [
        0,
        0,
        0,
        0,
        0,
        0,
        0,
        0,
        0,
        0,
        0,
        0,
        0
      ],
      "/Users/kfoss/turing/3module/projects/rails_engine/app/controllers/api/v1/items/merchants_controller.rb": [
        0,
        0,
        0,
        0,
        0,
        0,
        0,
        0,
        0,
        0,
        0,
        0,
        0
      ],
      "/Users/kfoss/turing/3module/projects/rails_engine/app/controllers/api/v1/items/most_revenue_controller.rb": [
        0,
        0,
        0,
        0,
        0,
        0,
        0,
        0,
        0,
        0,
        0,
        0,
        0,
        0
      ],
      "/Users/kfoss/turing/3module/projects/rails_engine/app/controllers/api/v1/merchants/favorite_customer_controller.rb": [
        0,
        0,
        0,
        0,
        0,
        0,
        0,
        0,
        0,
        0,
        0,
        0,
        0,
        0
      ],
      "/Users/kfoss/turing/3module/projects/rails_engine/app/controllers/api/v1/merchants/invoices_controller.rb": [
        0,
        0,
        0,
        0,
        0,
        0,
        0,
        0,
        0,
        0,
        0,
        0,
        0,
        0,
        0,
        0,
        0
      ],
      "/Users/kfoss/turing/3module/projects/rails_engine/app/controllers/api/v1/merchants/items_controller.rb": [
        0,
        0,
        0,
        0,
        0,
        0,
        0,
        0,
        0,
        0,
        0,
        0,
        0
      ],
      "/Users/kfoss/turing/3module/projects/rails_engine/app/controllers/api/v1/merchants/most_items_controller.rb": [
        0,
        0,
        0,
        0,
        0,
        0,
        0,
        0,
        0,
        0,
        0,
        0,
        0,
        0
      ],
      "/Users/kfoss/turing/3module/projects/rails_engine/app/controllers/api/v1/merchants/pending_invoices_controller.rb": [
        0,
        0,
        0,
        0,
        0,
        0,
        0,
        0,
        0,
        0,
        0,
        0,
        0,
        0
      ],
      "/Users/kfoss/turing/3module/projects/rails_engine/app/controllers/api/v1/merchants/revenue_controller.rb": [
        0,
        0,
        0,
        0,
        0,
        0,
        0,
        0,
        0,
        0,
        0,
        0,
        0,
        0,
        0
      ],
      "/Users/kfoss/turing/3module/projects/rails_engine/app/controllers/api/v1/transactions/invoices_controller.rb": [
        0,
        0,
        0,
        0,
        0,
        0,
        0,
        0,
        0,
        0,
        0,
        0,
        0,
        0,
        0
      ]
    },
    "timestamp": 1464963150
  }
}
